<?xml version="1.0" encoding="UTF-8"?>
<!-- Generated by org.testng.reporters.JUnitXMLReporter -->
<testsuite hostname="Samis-MacBook-Pro.local" name="Parabank" tests="1" failures="0" timestamp="26 Mar 2019 23:11:06 GMT" time="0.014" errors="0">
  <testcase name="@BeforeSuite first" time="0.0" classname="Runners.ParaBank_Runner">
    <failure type="java.lang.NullPointerException">
      <![CDATA[java.lang.NullPointerException
	at Runners.ParaBank_Runner.first(ParaBank_Runner.java:67)
... Removed 18 stack frames]]>
    </failure>
  </testcase> <!-- @BeforeSuite first -->
  <testcase name="@BeforeClass setUpClass" time="0.0" classname="Runners.ParaBank_Runner">
    <skipped/>
  </testcase> <!-- @BeforeClass setUpClass -->
  <testcase name="@BeforeClass ini" time="0.0" classname="Runners.ParaBank_Runner">
    <skipped/>
  </testcase> <!-- @BeforeClass ini -->
  <testcase name="@AfterClass tearDownClass" time="0.0" classname="Runners.ParaBank_Runner">
    <failure type="java.lang.NullPointerException">
      <![CDATA[java.lang.NullPointerException
	at cucumber.api.testng.AbstractTestNGCucumberTests.tearDownClass(AbstractTestNGCucumberTests.java:34)
... Removed 24 stack frames]]>
    </failure>
  </testcase> <!-- @AfterClass tearDownClass -->
  <testcase name="feature" time="0.002" classname="Runners.ParaBank_Runner">
    <skipped/>
  </testcase> <!-- feature -->
</testsuite> <!-- Parabank -->
